<?xml version="1.0" encoding="UTF-8"?>
<testng-results skipped="0" failed="0" ignored="0" total="1" passed="1">
  <reporter-output>
  </reporter-output>
  <suite name="Default suite" duration-ms="79" started-at="2019-09-08T00:58:47 EDT" finished-at="2019-09-08T00:58:48 EDT">
    <groups>
    </groups>
    <test name="Default test" duration-ms="79" started-at="2019-09-08T00:58:47 EDT" finished-at="2019-09-08T00:58:48 EDT">
      <class name="testNGtutorial.TestNGtutorial1">
        <test-method status="PASS" signature="setUp()[pri:0, instance:testNGtutorial.TestNGtutorial1@6c3708b3]" name="setUp" is-config="true" duration-ms="34" started-at="2019-09-08T00:58:47 EDT" finished-at="2019-09-08T00:58:47 EDT">
          <reporter-output>
          </reporter-output>
        </test-method> <!-- setUp -->
        <test-method status="PASS" signature="login()[pri:0, instance:testNGtutorial.TestNGtutorial1@6c3708b3]" name="login" is-config="true" duration-ms="0" started-at="2019-09-08T00:58:47 EDT" finished-at="2019-09-08T00:58:47 EDT">
          <reporter-output>
          </reporter-output>
        </test-method> <!-- login -->
        <test-method status="PASS" signature="launchBrowser()[pri:0, instance:testNGtutorial.TestNGtutorial1@6c3708b3]" name="launchBrowser" is-config="true" duration-ms="0" started-at="2019-09-08T00:58:48 EDT" finished-at="2019-09-08T00:58:48 EDT">
          <reporter-output>
          </reporter-output>
        </test-method> <!-- launchBrowser -->
        <test-method status="PASS" signature="enterUrl()[pri:0, instance:testNGtutorial.TestNGtutorial1@6c3708b3]" name="enterUrl" is-config="true" duration-ms="0" started-at="2019-09-08T00:58:48 EDT" finished-at="2019-09-08T00:58:48 EDT">
          <reporter-output>
          </reporter-output>
        </test-method> <!-- enterUrl -->
        <test-method status="PASS" signature="googleTitle()[pri:0, instance:testNGtutorial.TestNGtutorial1@6c3708b3]" name="googleTitle" duration-ms="16" started-at="2019-09-08T00:58:48 EDT" finished-at="2019-09-08T00:58:48 EDT">
          <reporter-output>
          </reporter-output>
        </test-method> <!-- googleTitle -->
        <test-method status="PASS" signature="logout()[pri:0, instance:testNGtutorial.TestNGtutorial1@6c3708b3]" name="logout" is-config="true" duration-ms="0" started-at="2019-09-08T00:58:48 EDT" finished-at="2019-09-08T00:58:48 EDT">
          <reporter-output>
          </reporter-output>
        </test-method> <!-- logout -->
        <test-method status="PASS" signature="deletecookies()[pri:0, instance:testNGtutorial.TestNGtutorial1@6c3708b3]" name="deletecookies" is-config="true" duration-ms="0" started-at="2019-09-08T00:58:48 EDT" finished-at="2019-09-08T00:58:48 EDT">
          <reporter-output>
          </reporter-output>
        </test-method> <!-- deletecookies -->
        <test-method status="PASS" signature="closeBrowser()[pri:0, instance:testNGtutorial.TestNGtutorial1@6c3708b3]" name="closeBrowser" is-config="true" duration-ms="0" started-at="2019-09-08T00:58:48 EDT" finished-at="2019-09-08T00:58:48 EDT">
          <reporter-output>
          </reporter-output>
        </test-method> <!-- closeBrowser -->
        <test-method status="PASS" signature="generateReport()[pri:0, instance:testNGtutorial.TestNGtutorial1@6c3708b3]" name="generateReport" is-config="true" duration-ms="0" started-at="2019-09-08T00:58:48 EDT" finished-at="2019-09-08T00:58:48 EDT">
          <reporter-output>
          </reporter-output>
        </test-method> <!-- generateReport -->
      </class> <!-- testNGtutorial.TestNGtutorial1 -->
    </test> <!-- Default test -->
  </suite> <!-- Default suite -->
</testng-results>
